<?xml version="1.0" encoding="UTF-8"?>
<testng-results ignored="0" total="3" passed="1" failed="1" skipped="1">
  <reporter-output>
  </reporter-output>
  <suite started-at="2022-10-14T00:04:58 IST" name="Default suite" finished-at="2022-10-14T00:05:05 IST" duration-ms="6880">
    <groups>
    </groups>
    <test started-at="2022-10-14T00:04:58 IST" name="Default test" finished-at="2022-10-14T00:05:05 IST" duration-ms="6880">
      <class name="Test.ZerodhaLoginPageTest">
        <test-method is-config="true" signature="createReports()[pri:0, instance:Test.ZerodhaLoginPageTest@2a798d51]" started-at="2022-10-14T00:04:59 IST" name="createReports" finished-at="2022-10-14T00:04:59 IST" duration-ms="223" status="PASS">
          <reporter-output>
          </reporter-output>
        </test-method> <!-- createReports -->
        <test-method is-config="true" signature="openChromeBrowser()[pri:0, instance:Test.ZerodhaLoginPageTest@2a798d51]" started-at="2022-10-14T00:04:59 IST" name="openChromeBrowser" finished-at="2022-10-14T00:05:01 IST" duration-ms="2651" status="PASS">
          <reporter-output>
          </reporter-output>
        </test-method> <!-- openChromeBrowser -->
        <test-method signature="signUp()[pri:0, instance:Test.ZerodhaLoginPageTest@2a798d51]" started-at="2022-10-14T00:05:01 IST" name="signUp" finished-at="2022-10-14T00:05:02 IST" duration-ms="134" status="PASS">
          <reporter-output>
          </reporter-output>
        </test-method> <!-- signUp -->
        <test-method is-config="true" signature="captureResult(org.testng.ITestResult)[pri:0, instance:Test.ZerodhaLoginPageTest@2a798d51]" started-at="2022-10-14T00:05:02 IST" name="captureResult" finished-at="2022-10-14T00:05:02 IST" duration-ms="6" status="PASS">
          <params>
            <param index="0">
              <value>
                <![CDATA[[TestResult name=signUp status=SUCCESS method=ZerodhaLoginPageTest.signUp()[pri:0, instance:Test.ZerodhaLoginPageTest@2a798d51] output={null}]]]>
              </value>
            </param>
          </params>
          <reporter-output>
          </reporter-output>
        </test-method> <!-- captureResult -->
        <test-method is-config="true" signature="openChromeBrowser()[pri:0, instance:Test.ZerodhaLoginPageTest@2a798d51]" started-at="2022-10-14T00:05:02 IST" name="openChromeBrowser" finished-at="2022-10-14T00:05:03 IST" duration-ms="1459" status="PASS">
          <reporter-output>
          </reporter-output>
        </test-method> <!-- openChromeBrowser -->
        <test-method signature="validateZerodaLogin()[pri:0, instance:Test.ZerodhaLoginPageTest@2a798d51]" started-at="2022-10-14T00:05:03 IST" name="validateZerodaLogin" finished-at="2022-10-14T00:05:05 IST" duration-ms="2005" status="FAIL">
          <exception class="org.testng.internal.thread.ThreadTimeoutException">
            <message>
              <![CDATA[Method Test.ZerodhaLoginPageTest.validateZerodaLogin() didn't finish within the time-out 2000]]>
            </message>
            <full-stacktrace>
              <![CDATA[org.testng.internal.thread.ThreadTimeoutException: Method Test.ZerodhaLoginPageTest.validateZerodaLogin() didn't finish within the time-out 2000
at org.testng.internal.MethodInvocationHelper.invokeWithTimeoutWithNewExecutor(MethodInvocationHelper.java:384)
at org.testng.internal.MethodInvocationHelper.invokeWithTimeout(MethodInvocationHelper.java:283)
at org.testng.internal.TestInvoker.invokeMethod(TestInvoker.java:604)
at org.testng.internal.TestInvoker.invokeTestMethod(TestInvoker.java:173)
at org.testng.internal.MethodRunner.runInSequence(MethodRunner.java:46)
at org.testng.internal.TestInvoker$MethodInvocationAgent.invoke(TestInvoker.java:824)
at org.testng.internal.TestInvoker.invokeTestMethods(TestInvoker.java:146)
at org.testng.internal.TestMethodWorker.invokeTestMethods(TestMethodWorker.java:146)
at org.testng.internal.TestMethodWorker.run(TestMethodWorker.java:128)
at java.base/java.util.ArrayList.forEach(ArrayList.java:1511)
at org.testng.TestRunner.privateRun(TestRunner.java:794)
at org.testng.TestRunner.run(TestRunner.java:596)
at org.testng.SuiteRunner.runTest(SuiteRunner.java:377)
at org.testng.SuiteRunner.runSequentially(SuiteRunner.java:371)
at org.testng.SuiteRunner.privateRun(SuiteRunner.java:332)
at org.testng.SuiteRunner.run(SuiteRunner.java:276)
at org.testng.SuiteRunnerWorker.runSuite(SuiteRunnerWorker.java:53)
at org.testng.SuiteRunnerWorker.run(SuiteRunnerWorker.java:96)
at org.testng.TestNG.runSuitesSequentially(TestNG.java:1212)
at org.testng.TestNG.runSuitesLocally(TestNG.java:1134)
at org.testng.TestNG.runSuites(TestNG.java:1063)
at org.testng.TestNG.run(TestNG.java:1031)
at org.testng.remote.AbstractRemoteTestNG.run(AbstractRemoteTestNG.java:115)
at org.testng.remote.RemoteTestNG.initAndRun(RemoteTestNG.java:251)
at org.testng.remote.RemoteTestNG.main(RemoteTestNG.java:77)
]]>
            </full-stacktrace>
          </exception> <!-- org.testng.internal.thread.ThreadTimeoutException -->
          <reporter-output>
          </reporter-output>
        </test-method> <!-- validateZerodaLogin -->
        <test-method is-config="true" signature="captureResult(org.testng.ITestResult)[pri:0, instance:Test.ZerodhaLoginPageTest@2a798d51]" started-at="2022-10-14T00:05:05 IST" name="captureResult" finished-at="2022-10-14T00:05:05 IST" duration-ms="1" status="PASS">
          <params>
            <param index="0">
              <value>
                <![CDATA[[TestResult name=validateZerodaLogin status=FAILURE method=ZerodhaLoginPageTest.validateZerodaLogin()[pri:0, instance:Test.ZerodhaLoginPageTest@2a798d51] output={null}]]]>
              </value>
            </param>
          </params>
          <reporter-output>
          </reporter-output>
        </test-method> <!-- captureResult -->
        <test-method signature="forgot()[pri:0, instance:Test.ZerodhaLoginPageTest@2a798d51]" started-at="2022-10-14T00:05:05 IST" name="forgot" finished-at="2022-10-14T00:05:05 IST" depends-on-methods="Test.ZerodhaLoginPageTest.validateZerodaLogin" duration-ms="0" status="SKIP">
          <exception class="java.lang.Throwable">
            <message>
              <![CDATA[Method ZerodhaLoginPageTest.forgot()[pri:0, instance:Test.ZerodhaLoginPageTest@2a798d51] depends on not successfully finished methods]]>
            </message>
            <full-stacktrace>
              <![CDATA[java.lang.Throwable: Method ZerodhaLoginPageTest.forgot()[pri:0, instance:Test.ZerodhaLoginPageTest@2a798d51] depends on not successfully finished methods
at org.testng.internal.TestInvoker.invokeTestMethods(TestInvoker.java:102)
at org.testng.internal.TestMethodWorker.invokeTestMethods(TestMethodWorker.java:146)
at org.testng.internal.TestMethodWorker.run(TestMethodWorker.java:128)
at java.base/java.util.ArrayList.forEach(ArrayList.java:1511)
at org.testng.TestRunner.privateRun(TestRunner.java:794)
at org.testng.TestRunner.run(TestRunner.java:596)
at org.testng.SuiteRunner.runTest(SuiteRunner.java:377)
at org.testng.SuiteRunner.runSequentially(SuiteRunner.java:371)
at org.testng.SuiteRunner.privateRun(SuiteRunner.java:332)
at org.testng.SuiteRunner.run(SuiteRunner.java:276)
at org.testng.SuiteRunnerWorker.runSuite(SuiteRunnerWorker.java:53)
at org.testng.SuiteRunnerWorker.run(SuiteRunnerWorker.java:96)
at org.testng.TestNG.runSuitesSequentially(TestNG.java:1212)
at org.testng.TestNG.runSuitesLocally(TestNG.java:1134)
at org.testng.TestNG.runSuites(TestNG.java:1063)
at org.testng.TestNG.run(TestNG.java:1031)
at org.testng.remote.AbstractRemoteTestNG.run(AbstractRemoteTestNG.java:115)
at org.testng.remote.RemoteTestNG.initAndRun(RemoteTestNG.java:251)
at org.testng.remote.RemoteTestNG.main(RemoteTestNG.java:77)
]]>
            </full-stacktrace>
          </exception> <!-- java.lang.Throwable -->
          <reporter-output>
          </reporter-output>
        </test-method> <!-- forgot -->
        <test-method is-config="true" signature="flushResults()[pri:0, instance:Test.ZerodhaLoginPageTest@2a798d51]" started-at="2022-10-14T00:05:05 IST" name="flushResults" finished-at="2022-10-14T00:05:05 IST" duration-ms="243" status="PASS">
          <reporter-output>
          </reporter-output>
        </test-method> <!-- flushResults -->
      </class> <!-- Test.ZerodhaLoginPageTest -->
    </test> <!-- Default test -->
  </suite> <!-- Default suite -->
</testng-results>
